  Entity.cpp
C:\Users\sethc\Documents\GitHub\PA9-Group-Project\PA9\PA9\Entity.cpp(143,29): warning C4244: '=': conversion from 'float' to 'T', possible loss of data
          with
          [
              T=int
          ]
C:\Users\sethc\Documents\GitHub\PA9-Group-Project\PA9\PA9\Entity.cpp(144,31): warning C4244: '+=': conversion from 'float' to 'T', possible loss of data
          with
          [
              T=int
          ]
C:\Users\sethc\Documents\GitHub\PA9-Group-Project\PA9\PA9\Entity.cpp(158,29): warning C4244: '=': conversion from 'float' to 'T', possible loss of data
          with
          [
              T=int
          ]
C:\Users\sethc\Documents\GitHub\PA9-Group-Project\PA9\PA9\Entity.cpp(159,31): warning C4244: '+=': conversion from 'float' to 'T', possible loss of data
          with
          [
              T=int
          ]
C:\Users\sethc\Documents\GitHub\PA9-Group-Project\PA9\PA9\Entity.cpp(173,29): warning C4244: '=': conversion from 'float' to 'T', possible loss of data
          with
          [
              T=int
          ]
C:\Users\sethc\Documents\GitHub\PA9-Group-Project\PA9\PA9\Entity.cpp(174,31): warning C4244: '+=': conversion from 'float' to 'T', possible loss of data
          with
          [
              T=int
          ]
C:\Users\sethc\Documents\GitHub\PA9-Group-Project\PA9\PA9\Entity.cpp(188,29): warning C4244: '=': conversion from 'float' to 'T', possible loss of data
          with
          [
              T=int
          ]
C:\Users\sethc\Documents\GitHub\PA9-Group-Project\PA9\PA9\Entity.cpp(189,31): warning C4244: '+=': conversion from 'float' to 'T', possible loss of data
          with
          [
              T=int
          ]
C:\Users\sethc\Documents\GitHub\PA9-Group-Project\PA9\PA9\Entity.cpp(203,26): warning C4244: '+=': conversion from 'double' to 'T', possible loss of data
          with
          [
              T=float
          ]
  PA9.vcxproj -> C:\Users\sethc\Documents\GitHub\PA9-Group-Project\PA9\x64\Debug\PA9.exe
