e:\a wsu school\semester 2\pa9-group-project\pa9\pa9\x64\debug\vc143.pdb
e:\a wsu school\semester 2\pa9-group-project\pa9\pa9\x64\debug\vc143.idb
e:\a wsu school\semester 2\pa9-group-project\pa9\pa9\x64\debug\main.obj
e:\a wsu school\semester 2\pa9-group-project\pa9\pa9\x64\debug\game.obj
e:\a wsu school\semester 2\pa9-group-project\pa9\pa9\x64\debug\entity.obj
e:\a wsu school\semester 2\pa9-group-project\pa9\x64\debug\pa9.exe
e:\a wsu school\semester 2\pa9-group-project\pa9\pa9\x64\debug\pa9.ilk
e:\a wsu school\semester 2\pa9-group-project\pa9\x64\debug\pa9.pdb
c:\users\shaun\onedrive\desktop\pa9\pa actual\pa9-group-project\pa9\pa9\x64\debug\game.obj
c:\users\shaun\onedrive\desktop\pa9\pa actual\pa9-group-project\pa9\pa9\x64\debug\main.obj
c:\users\shaun\onedrive\desktop\pa9\pa actual\pa9-group-project\pa9\pa9\x64\debug\entity.obj.enc
c:\users\shaun\onedrive\desktop\pa9\pa actual\pa9-group-project\pa9\pa9\x64\debug\pa9.ilk
c:\users\shaun\onedrive\desktop\pa9\pa actual\pa9-group-project\pa9\pa9\x64\debug\vc143.idb
c:\users\shaun\onedrive\desktop\pa9\pa actual\pa9-group-project\pa9\pa9\x64\debug\vc143.pdb
c:\users\shaun\onedrive\desktop\pa9\pa actual\pa9-group-project\pa9\x64\debug\pa9.pdb
c:\users\shaun\onedrive\desktop\pa9\pa actual\pa9-group-project\pa9\pa9\x64\debug\pa9.tlog\cl.command.1.tlog
c:\users\shaun\onedrive\desktop\pa9\pa actual\pa9-group-project\pa9\pa9\x64\debug\pa9.tlog\cl.read.1.tlog
c:\users\shaun\onedrive\desktop\pa9\pa actual\pa9-group-project\pa9\pa9\x64\debug\pa9.tlog\cl.write.1.tlog
c:\users\shaun\onedrive\desktop\pa9\pa actual\pa9-group-project\pa9\pa9\x64\debug\pa9.tlog\link.command.1.tlog
c:\users\shaun\onedrive\desktop\pa9\pa actual\pa9-group-project\pa9\pa9\x64\debug\pa9.tlog\link.read.1.tlog
c:\users\shaun\onedrive\desktop\pa9\pa actual\pa9-group-project\pa9\pa9\x64\debug\pa9.tlog\link.write.1.tlog
